<?xml version="1.0" encoding="UTF-8"?>
<testsuite xmlns:xsi="http://www.w3.org/2001/XMLSchema-instance" xsi:noNamespaceSchemaLocation="https://maven.apache.org/surefire/maven-surefire-plugin/xsd/surefire-test-report-3.0.xsd" version="3.0" name="org.acme.GreetingResourceTest" time="11.67" tests="1" errors="0" skipped="0" failures="1">
  <properties>
[...]
</properties>
  <testcase name="testHelloEndpoint" classname="org.acme.GreetingResourceTest" time="2.324">
    <failure type="java.lang.AssertionError"><![CDATA[java.lang.AssertionError: 
1 expectation failed.
Expected status code <200> but was <500>.

	at org.acme.GreetingResourceTest.testHelloEndpoint(GreetingResourceTest.java:17)
]]></failure>
    <system-out><![CDATA[2021-07-07 11:36:25,262 WARN  [io.qua.dat.dep.dev.DevServicesDatasourceProcessor] (build-27) Please configure datasource URL for default datasource or get a working docker instance
2021-07-07 11:36:25,697 INFO  [io.qua.fly.FlywayProcessor] (build-14) Adding application migrations in path '/home/user/%D0%97%D0%B0%D0%B3%D1%80%D1%83%D0%B7%D0%BA%D0%B8/FirstTask/code-with-quarkus/target/classes/db/migration/' using protocol 'file'
2021-07-07 11:36:25,705 INFO  [io.qua.fly.FlywayProcessor] (build-14) Adding application migrations in path '/home/user/%d0%97%d0%b0%d0%b3%d1%80%d1%83%d0%b7%d0%ba%d0%b8/FirstTask/code-with-quarkus/target/classes/db/migration/' using protocol 'file'
2021-07-07 11:36:26,076 WARN  [io.qua.hib.val.deployment] (build-27) Hibernate Validator does not support constraints on static methods yet. Constraints on org.acme.ResourceSupport#javax.ws.rs.core.Response create(@Valid org.acme.Products products, io.quarkus.hibernate.orm.panache.PanacheRepository<org.acme.Products> repository, javax.ws.rs.core.UriInfo uriInfo) are ignored.
2021-07-07 11:36:28,306 INFO  [io.quarkus] (main) Quarkus 2.0.0.Final on JVM started in 4.374s. Listening on: http://localhost:8081
2021-07-07 11:36:28,307 INFO  [io.quarkus] (main) Profile test activated. 
2021-07-07 11:36:28,308 INFO  [io.quarkus] (main) Installed features: [agroal, cdi, flyway, hibernate-orm, hibernate-orm-panache, hibernate-validator, jdbc-postgresql, narayana-jta, resteasy, resteasy-jackson, smallrye-context-propagation]
2021-07-07 11:36:30,497 ERROR [io.qua.ver.htt.run.QuarkusErrorHandler] (executor-thread-0) HTTP Request to /hello failed, error id: 2bad8d44-51b3-4058-85c8-8f0df4ec3fa0-1: org.jboss.resteasy.spi.UnhandledException: java.lang.IndexOutOfBoundsException: Index: 1, Size: 0
	at org.jboss.resteasy.core.ExceptionHandler.handleApplicationException(ExceptionHandler.java:106)
	at org.jboss.resteasy.core.ExceptionHandler.handleException(ExceptionHandler.java:372)
	at org.jboss.resteasy.core.SynchronousDispatcher.writeException(SynchronousDispatcher.java:218)
	at org.jboss.resteasy.core.SynchronousDispatcher.invoke(SynchronousDispatcher.java:519)
	at org.jboss.resteasy.core.SynchronousDispatcher.lambda$invoke$4(SynchronousDispatcher.java:261)
	at org.jboss.resteasy.core.SynchronousDispatcher.lambda$preprocess$0(SynchronousDispatcher.java:161)
	at org.jboss.resteasy.core.interception.jaxrs.PreMatchContainerRequestContext.filter(PreMatchContainerRequestContext.java:364)
	at org.jboss.resteasy.core.SynchronousDispatcher.preprocess(SynchronousDispatcher.java:164)
	at org.jboss.resteasy.core.SynchronousDispatcher.invoke(SynchronousDispatcher.java:247)
	at io.quarkus.resteasy.runtime.standalone.RequestDispatcher.service(RequestDispatcher.java:73)
	at io.quarkus.resteasy.runtime.standalone.VertxRequestHandler.dispatch(VertxRequestHandler.java:138)
	at io.quarkus.resteasy.runtime.standalone.VertxRequestHandler$1.run(VertxRequestHandler.java:93)
	at io.quarkus.vertx.core.runtime.VertxCoreRecorder$14.runWith(VertxCoreRecorder.java:481)
	at org.jboss.threads.EnhancedQueueExecutor$Task.run(EnhancedQueueExecutor.java:2442)
	at org.jboss.threads.EnhancedQueueExecutor$ThreadBody.run(EnhancedQueueExecutor.java:1476)
	at org.jboss.threads.DelegatingRunnable.run(DelegatingRunnable.java:29)
	at org.jboss.threads.ThreadLocalResettingRunnable.run(ThreadLocalResettingRunnable.java:29)
	at io.netty.util.concurrent.FastThreadLocalRunnable.run(FastThreadLocalRunnable.java:30)
	at java.base/java.lang.Thread.run(Thread.java:829)
Caused by: java.lang.IndexOutOfBoundsException: Index: 1, Size: 0
	at java.base/java.util.LinkedList.checkElementIndex(LinkedList.java:559)
	at java.base/java.util.LinkedList.get(LinkedList.java:480)
	at org.acme.GreetingResource.getAll(GreetingResource.java:37)
	at java.base/jdk.internal.reflect.NativeMethodAccessorImpl.invoke0(Native Method)
	at java.base/jdk.internal.reflect.NativeMethodAccessorImpl.invoke(NativeMethodAccessorImpl.java:62)
	at java.base/jdk.internal.reflect.DelegatingMethodAccessorImpl.invoke(DelegatingMethodAccessorImpl.java:43)
	at java.base/java.lang.reflect.Method.invoke(Method.java:566)
	at org.jboss.resteasy.core.MethodInjectorImpl.invoke(MethodInjectorImpl.java:170)
	at org.jboss.resteasy.core.MethodInjectorImpl.invoke(MethodInjectorImpl.java:130)
	at org.jboss.resteasy.core.ResourceMethodInvoker.internalInvokeOnTarget(ResourceMethodInvoker.java:660)
	at org.jboss.resteasy.core.ResourceMethodInvoker.invokeOnTargetAfterFilter(ResourceMethodInvoker.java:524)
	at org.jboss.resteasy.core.ResourceMethodInvoker.lambda$invokeOnTarget$2(ResourceMethodInvoker.java:474)
	at org.jboss.resteasy.core.interception.jaxrs.PreMatchContainerRequestContext.filter(PreMatchContainerRequestContext.java:364)
	at org.jboss.resteasy.core.ResourceMethodInvoker.invokeOnTarget(ResourceMethodInvoker.java:476)
	at org.jboss.resteasy.core.ResourceMethodInvoker.invoke(ResourceMethodInvoker.java:434)
	at org.jboss.resteasy.core.ResourceMethodInvoker.invoke(ResourceMethodInvoker.java:408)
	at org.jboss.resteasy.core.ResourceMethodInvoker.invoke(ResourceMethodInvoker.java:69)
	at org.jboss.resteasy.core.SynchronousDispatcher.invoke(SynchronousDispatcher.java:492)
	... 15 more

]]></system-out>
  </testcase>
</testsuite>